D:\Vdesk\vdeskproto\prototype\RenderingPlugin\VisualStudio2008\build/Release\RenderingPlugin.dll
D:\Vdesk\vdeskproto\prototype\RenderingPlugin\VisualStudio2008\build/Release\RenderingPlugin.dll.intermediate.manifest
D:\Vdesk\vdeskproto\prototype\RenderingPlugin\VisualStudio2008\build/Release\RenderingPlugin.pdb
D:\Vdesk\vdeskproto\prototype\RenderingPlugin\VisualStudio2008\build\Release\cl.command.1.tlog
D:\Vdesk\vdeskproto\prototype\RenderingPlugin\VisualStudio2008\build\Release\CL.read.1.tlog
D:\Vdesk\vdeskproto\prototype\RenderingPlugin\VisualStudio2008\build\Release\CL.write.1.tlog
D:\VDESK\VDESKPROTO\PROTOTYPE\RENDERINGPLUGIN\VISUALSTUDIO2008\BUILD\RELEASE\INTERFACE.OBJ
D:\Vdesk\vdeskproto\prototype\RenderingPlugin\VisualStudio2008\build\Release\link.command.1.tlog
D:\Vdesk\vdeskproto\prototype\RenderingPlugin\VisualStudio2008\build\Release\link.read.1.tlog
D:\Vdesk\vdeskproto\prototype\RenderingPlugin\VisualStudio2008\build\Release\link.write.1.tlog
D:\Vdesk\vdeskproto\prototype\RenderingPlugin\VisualStudio2008\build\Release\mt.command.1.tlog
D:\Vdesk\vdeskproto\prototype\RenderingPlugin\VisualStudio2008\build\Release\mt.read.1.tlog
D:\Vdesk\vdeskproto\prototype\RenderingPlugin\VisualStudio2008\build\Release\mt.write.1.tlog
D:\VDESK\VDESKPROTO\PROTOTYPE\RENDERINGPLUGIN\VISUALSTUDIO2008\BUILD\RELEASE\RENDERINGPLUGIN.DLL
D:\VDESK\VDESKPROTO\PROTOTYPE\RENDERINGPLUGIN\VISUALSTUDIO2008\BUILD\RELEASE\RENDERINGPLUGIN.DLL.INTERMEDIATE.MANIFEST
D:\Vdesk\vdeskproto\prototype\RenderingPlugin\VisualStudio2008\build\Release\RenderingPlugin.exp
D:\Vdesk\vdeskproto\prototype\RenderingPlugin\VisualStudio2008\build\Release\RenderingPlugin.lib
D:\VDESK\VDESKPROTO\PROTOTYPE\RENDERINGPLUGIN\VISUALSTUDIO2008\BUILD\RELEASE\RENDERINGPLUGIN.OBJ
D:\VDESK\VDESKPROTO\PROTOTYPE\RENDERINGPLUGIN\VISUALSTUDIO2008\BUILD\RELEASE\RENDERINGPLUGIN.PDB
D:\Vdesk\vdeskproto\prototype\RenderingPlugin\VisualStudio2008\build\Release\RenderingPlugin.write.1.tlog
D:\VDESK\VDESKPROTO\PROTOTYPE\RENDERINGPLUGIN\VISUALSTUDIO2008\BUILD\RELEASE\VC100.PDB
D:\VDESK\VDESKPROTO\PROTOTYPE\RENDERINGPLUGIN\VISUALSTUDIO2008\BUILD\RELEASE\VIDEOMEMORY.OBJ
D:\VDESK\VDESKPROTO\PROTOTYPE\RENDERINGPLUGIN\VISUALSTUDIO2008\BUILD\RELEASE\VX_DRIVER.OBJ
