D:\VDESK\VDESKPROTO\PROTOTYPE\PROTOTYPE\RENDERINGPLUGIN\VISUALSTUDIO2008\BUILD\DEBUG\INTERFACE.OBJ
D:\VDESK\VDESKPROTO\PROTOTYPE\PROTOTYPE\RENDERINGPLUGIN\VISUALSTUDIO2008\BUILD\DEBUG\RENDERINGPLUGIN.DLL
D:\VDESK\VDESKPROTO\PROTOTYPE\PROTOTYPE\RENDERINGPLUGIN\VISUALSTUDIO2008\BUILD\DEBUG\RENDERINGPLUGIN.DLL.EMBED.MANIFEST
D:\VDESK\VDESKPROTO\PROTOTYPE\PROTOTYPE\RENDERINGPLUGIN\VISUALSTUDIO2008\BUILD\DEBUG\RENDERINGPLUGIN.DLL.EMBED.MANIFEST.RES
D:\VDESK\VDESKPROTO\PROTOTYPE\PROTOTYPE\RENDERINGPLUGIN\VISUALSTUDIO2008\BUILD\DEBUG\RENDERINGPLUGIN.DLL.INTERMEDIATE.MANIFEST
D:\Vdesk\vdeskproto\prototype\prototype\RenderingPlugin\VisualStudio2008\build\Debug\RenderingPlugin.exp
D:\VDESK\VDESKPROTO\PROTOTYPE\PROTOTYPE\RENDERINGPLUGIN\VISUALSTUDIO2008\BUILD\DEBUG\RENDERINGPLUGIN.ILK
D:\Vdesk\vdeskproto\prototype\prototype\RenderingPlugin\VisualStudio2008\build\Debug\RenderingPlugin.lib
D:\VDESK\VDESKPROTO\PROTOTYPE\PROTOTYPE\RENDERINGPLUGIN\VISUALSTUDIO2008\BUILD\DEBUG\RENDERINGPLUGIN.OBJ
D:\VDESK\VDESKPROTO\PROTOTYPE\PROTOTYPE\RENDERINGPLUGIN\VISUALSTUDIO2008\BUILD\DEBUG\RENDERINGPLUGIN.PDB
D:\VDESK\VDESKPROTO\PROTOTYPE\PROTOTYPE\RENDERINGPLUGIN\VISUALSTUDIO2008\BUILD\DEBUG\VC100.PDB
D:\VDESK\VDESKPROTO\PROTOTYPE\PROTOTYPE\RENDERINGPLUGIN\VISUALSTUDIO2008\BUILD\DEBUG\VIDEOMEMORY.OBJ
D:\VDESK\VDESKPROTO\PROTOTYPE\PROTOTYPE\RENDERINGPLUGIN\VISUALSTUDIO2008\BUILD\DEBUG\VX_DRIVER.OBJ
D:\Vdesk\vdeskproto\prototype\RenderingPlugin\VisualStudio2008\build/Debug\RenderingPlugin.dll
D:\Vdesk\vdeskproto\prototype\RenderingPlugin\VisualStudio2008\build/Debug\RenderingPlugin.dll.intermediate.manifest
D:\Vdesk\vdeskproto\prototype\RenderingPlugin\VisualStudio2008\build/Debug\RenderingPlugin.ilk
D:\Vdesk\vdeskproto\prototype\RenderingPlugin\VisualStudio2008\build/Debug\RenderingPlugin.pdb
D:\Vdesk\vdeskproto\prototype\RenderingPlugin\VisualStudio2008\build\Debug\cl.command.1.tlog
D:\Vdesk\vdeskproto\prototype\RenderingPlugin\VisualStudio2008\build\Debug\CL.read.1.tlog
D:\Vdesk\vdeskproto\prototype\RenderingPlugin\VisualStudio2008\build\Debug\CL.write.1.tlog
D:\Vdesk\vdeskproto\prototype\RenderingPlugin\VisualStudio2008\build\Debug\Interface.obj
D:\Vdesk\vdeskproto\prototype\RenderingPlugin\VisualStudio2008\build\Debug\link.6932.read.1.tlog
D:\Vdesk\vdeskproto\prototype\RenderingPlugin\VisualStudio2008\build\Debug\link.6932.write.1.tlog
D:\Vdesk\vdeskproto\prototype\RenderingPlugin\VisualStudio2008\build\Debug\link.6932-cvtres.read.1.tlog
D:\Vdesk\vdeskproto\prototype\RenderingPlugin\VisualStudio2008\build\Debug\link.6932-cvtres.write.1.tlog
D:\Vdesk\vdeskproto\prototype\RenderingPlugin\VisualStudio2008\build\Debug\link.command.1.tlog
D:\Vdesk\vdeskproto\prototype\RenderingPlugin\VisualStudio2008\build\Debug\link.read.1.tlog
D:\Vdesk\vdeskproto\prototype\RenderingPlugin\VisualStudio2008\build\Debug\link.write.1.tlog
D:\Vdesk\vdeskproto\prototype\RenderingPlugin\VisualStudio2008\build\Debug\link-cvtres.read.1.tlog
D:\Vdesk\vdeskproto\prototype\RenderingPlugin\VisualStudio2008\build\Debug\link-cvtres.write.1.tlog
D:\Vdesk\vdeskproto\prototype\RenderingPlugin\VisualStudio2008\build\Debug\mt.command.1.tlog
D:\Vdesk\vdeskproto\prototype\RenderingPlugin\VisualStudio2008\build\Debug\mt.read.1.tlog
D:\Vdesk\vdeskproto\prototype\RenderingPlugin\VisualStudio2008\build\Debug\mt.write.1.tlog
D:\Vdesk\vdeskproto\prototype\RenderingPlugin\VisualStudio2008\build\Debug\rc.command.1.tlog
D:\Vdesk\vdeskproto\prototype\RenderingPlugin\VisualStudio2008\build\Debug\rc.read.1.tlog
D:\Vdesk\vdeskproto\prototype\RenderingPlugin\VisualStudio2008\build\Debug\rc.write.1.tlog
D:\Vdesk\vdeskproto\prototype\RenderingPlugin\VisualStudio2008\build\Debug\RenderingPlugin.dll.embed.manifest
D:\Vdesk\vdeskproto\prototype\RenderingPlugin\VisualStudio2008\build\Debug\RenderingPlugin.dll.embed.manifest.res
D:\Vdesk\vdeskproto\prototype\RenderingPlugin\VisualStudio2008\build\Debug\RenderingPlugin.dll.intermediate.manifest
D:\Vdesk\vdeskproto\prototype\RenderingPlugin\VisualStudio2008\build\Debug\RenderingPlugin.exp
D:\Vdesk\vdeskproto\prototype\RenderingPlugin\VisualStudio2008\build\Debug\RenderingPlugin.ilk
D:\Vdesk\vdeskproto\prototype\RenderingPlugin\VisualStudio2008\build\Debug\RenderingPlugin.obj
D:\Vdesk\vdeskproto\prototype\RenderingPlugin\VisualStudio2008\build\Debug\RenderingPlugin.pdb
D:\Vdesk\vdeskproto\prototype\RenderingPlugin\VisualStudio2008\build\Debug\RenderingPlugin.write.1.tlog
D:\Vdesk\vdeskproto\prototype\RenderingPlugin\VisualStudio2008\build\Debug\RenderingPlugin_manifest.rc
D:\Vdesk\vdeskproto\prototype\RenderingPlugin\VisualStudio2008\build\Debug\vc100.idb
D:\Vdesk\vdeskproto\prototype\RenderingPlugin\VisualStudio2008\build\Debug\vc100.pdb
D:\Vdesk\vdeskproto\prototype\RenderingPlugin\VisualStudio2008\build\Debug\videomemory.obj
D:\Vdesk\vdeskproto\prototype\RenderingPlugin\VisualStudio2008\build\Debug\vx_driver.obj
